生成启动时间为 2015/12/13 14:57:11。
     1>项目“F:\Graduation Thesis\Resting\Resting\Resting.vcxproj”在节点 2 上(Build 个目标)。
     1>ClCompile:
         C:\Program Files (x86)\Microsoft Visual Studio 11.0\VC\bin\CL.exe /c /Zi /nologo /W3 /WX- /sdl /O2 /Oi /Oy- /GL /D WIN32 /D NDEBUG /D _CONSOLE /D _UNICODE /D UNICODE /Gm- /EHsc /MD /GS /Gy /fp:precise /Zc:wchar_t /Zc:forScope /Yu"stdafx.h" /Fp"Release\Resting.pch" /Fo"Release\\" /Fd"Release\vc110.pdb" /Gd /TP /analyze- /errorReport:prompt ML.cpp Resting.cpp SquareNetwork.cpp work.cpp
         ML.cpp
         Resting.cpp
         SquareNetwork.cpp
     1>SquareNetwork.cpp(17): warning C4244: “初始化”: 从“double”转换到“const int”，可能丢失数据
     1>SquareNetwork.cpp(58): warning C4244: “初始化”: 从“double”转换到“int”，可能丢失数据
     1>SquareNetwork.cpp(163): warning C4101: “nTotal”: 未引用的局部变量
     1>SquareNetwork.cpp(202): warning C4244: “初始化”: 从“double”转换到“int”，可能丢失数据
     1>SquareNetwork.cpp(1398): warning C4244: “初始化”: 从“double”转换到“int”，可能丢失数据
     1>SquareNetwork.cpp(1443): warning C4244: “初始化”: 从“double”转换到“int”，可能丢失数据
         work.cpp
       Link:
         C:\Program Files (x86)\Microsoft Visual Studio 11.0\VC\bin\link.exe /ERRORREPORT:PROMPT /OUT:"F:\Graduation Thesis\Resting\Release\Resting.exe" /INCREMENTAL:NO /NOLOGO kernel32.lib user32.lib gdi32.lib winspool.lib comdlg32.lib advapi32.lib shell32.lib ole32.lib oleaut32.lib uuid.lib odbc32.lib odbccp32.lib /MANIFEST /MANIFESTUAC:"level='asInvoker' uiAccess='false'" /manifest:embed /DEBUG /PDB:"F:\Graduation Thesis\Resting\Release\Resting.pdb" /SUBSYSTEM:CONSOLE /OPT:REF /OPT:ICF /LTCG /TLBID:1 /DYNAMICBASE /NXCOMPAT /IMPLIB:"F:\Graduation Thesis\Resting\Release\Resting.lib" /MACHINE:X86 /SAFESEH Release\ML.obj
         Release\Resting.obj
         Release\SquareNetwork.obj
         Release\stdafx.obj
         Release\work.obj
         正在生成代码
         已完成代码的生成
         Resting.vcxproj -> F:\Graduation Thesis\Resting\Release\Resting.exe
     1>已完成生成项目“F:\Graduation Thesis\Resting\Resting\Resting.vcxproj”(Build 个目标)的操作。

生成成功。

已用时间 00:00:04.88
